<?xml version="1.0" encoding="UTF-8"?>
<!-- Generated by org.testng.reporters.JUnitReportReporter -->
<testsuite hostname="DESKTOP-CJSKQI6" failures="0" tests="4" name="saucedemo.runners.TestRunner" time="38.190" errors="0" timestamp="2025-09-09T15:44:33 IST" skipped="0">
  <testcase classname="saucedemo.runners.TestRunner" name="runScenario" time="10.037"/>
  <testcase classname="saucedemo.runners.TestRunner" name="runScenario" time="6.956"/>
  <testcase classname="saucedemo.runners.TestRunner" name="runScenario" time="5.632"/>
  <testcase classname="saucedemo.runners.TestRunner" name="runScenario" time="15.565"/>
</testsuite> <!-- saucedemo.runners.TestRunner -->
