<?xml version="1.0" encoding="UTF-8"?>
<!-- Generated by org.testng.reporters.JUnitReportReporter -->
<testsuite hostname="DESKTOP-CJSKQI6" failures="0" tests="4" name="saucedemo.testclasses.LoginPageTest" time="3.608" errors="0" timestamp="2025-09-09T13:39:52 IST" skipped="0">
  <testcase classname="saucedemo.testclasses.LoginPageTest" name="urlWorking" time="0.339"/>
  <testcase classname="saucedemo.testclasses.LoginPageTest" name="inValidLogin" time="0.982"/>
  <testcase classname="saucedemo.testclasses.LoginPageTest" name="lockedUser" time="1.116"/>
  <testcase classname="saucedemo.testclasses.LoginPageTest" name="validLogin" time="1.171"/>
</testsuite> <!-- saucedemo.testclasses.LoginPageTest -->
