<?xml version="1.0" encoding="UTF-8"?>
<!-- Generated by org.testng.reporters.JUnitReportReporter -->
<testsuite hostname="DESKTOP-CJSKQI6" failures="0" tests="4" name="saucedemo.testclasses.LoginPageTest" time="2.717" errors="0" timestamp="2025-09-09T12:23:44 IST" skipped="0">
  <testcase classname="saucedemo.testclasses.LoginPageTest" name="urlWorking" time="0.322"/>
  <testcase classname="saucedemo.testclasses.LoginPageTest" name="inValidLogin" time="0.772"/>
  <testcase classname="saucedemo.testclasses.LoginPageTest" name="lockedUser" time="0.615"/>
  <testcase classname="saucedemo.testclasses.LoginPageTest" name="validLogin" time="1.008"/>
</testsuite> <!-- saucedemo.testclasses.LoginPageTest -->
