<?xml version="1.0" encoding="UTF-8"?>
<!-- Generated by org.testng.reporters.JUnitReportReporter -->
<testsuite hostname="DESKTOP-CJSKQI6" failures="0" tests="6" name="saucedemo.testclasses.ProductPageTest" time="23.009" errors="0" timestamp="2025-09-08T19:11:03 IST" skipped="0">
  <testcase classname="saucedemo.testclasses.ProductPageTest" name="productDisplayed" time="0.245"/>
  <testcase classname="saucedemo.testclasses.ProductPageTest" name="filterTest" time="4.047"/>
  <testcase classname="saucedemo.testclasses.ProductPageTest" name="addProductToCart" time="3.457"/>
  <testcase classname="saucedemo.testclasses.ProductPageTest" name="detailsTest" time="1.251"/>
  <testcase classname="saucedemo.testclasses.ProductPageTest" name="removeProductFromCart" time="12.041"/>
  <testcase classname="saucedemo.testclasses.ProductPageTest" name="goToCartTest" time="1.968"/>
</testsuite> <!-- saucedemo.testclasses.ProductPageTest -->
