<?xml version="1.0" encoding="UTF-8"?>
<!-- Generated by org.testng.reporters.JUnitReportReporter -->
<testsuite hostname="DESKTOP-CJSKQI6" failures="0" tests="6" name="saucedemo.testclasses.ProductPageTest" time="22.724" errors="0" timestamp="2025-09-08T13:20:29 IST" skipped="0">
  <testcase classname="saucedemo.testclasses.ProductPageTest" name="productDisplayed" time="0.330"/>
  <testcase classname="saucedemo.testclasses.ProductPageTest" name="filterTest" time="4.078"/>
  <testcase classname="saucedemo.testclasses.ProductPageTest" name="addProductToCart" time="3.090"/>
  <testcase classname="saucedemo.testclasses.ProductPageTest" name="detailsTest" time="1.273"/>
  <testcase classname="saucedemo.testclasses.ProductPageTest" name="removeProductFromCart" time="11.915"/>
  <testcase classname="saucedemo.testclasses.ProductPageTest" name="goToCartTest" time="2.038"/>
</testsuite> <!-- saucedemo.testclasses.ProductPageTest -->
