<?xml version="1.0" encoding="UTF-8"?>
<!-- Generated by org.testng.reporters.JUnitReportReporter -->
<testsuite hostname="DESKTOP-CJSKQI6" failures="0" tests="6" name="saucedemo.testclasses.ProductPageTest" time="31.848" errors="0" timestamp="2025-09-09T12:19:47 IST" skipped="0">
  <testcase classname="saucedemo.testclasses.ProductPageTest" name="productDisplayed" time="0.292"/>
  <testcase classname="saucedemo.testclasses.ProductPageTest" name="filterTest" time="4.617"/>
  <testcase classname="saucedemo.testclasses.ProductPageTest" name="addProductToCart" time="6.052"/>
  <testcase classname="saucedemo.testclasses.ProductPageTest" name="detailsTest" time="0.729"/>
  <testcase classname="saucedemo.testclasses.ProductPageTest" name="removeProductFromCart" time="14.304"/>
  <testcase classname="saucedemo.testclasses.ProductPageTest" name="goToCartTest" time="5.854"/>
</testsuite> <!-- saucedemo.testclasses.ProductPageTest -->
