<?xml version="1.0" encoding="UTF-8"?>
<!-- Generated by org.testng.reporters.JUnitReportReporter -->
<testsuite hostname="DESKTOP-CJSKQI6" failures="0" tests="4" name="saucedemo.runners.TestRunner" time="17.221" errors="0" timestamp="2025-09-08T01:13:10 IST" skipped="0">
  <testcase classname="saucedemo.runners.TestRunner" name="runScenario" time="5.085"/>
  <testcase classname="saucedemo.runners.TestRunner" name="runScenario" time="3.902"/>
  <testcase classname="saucedemo.runners.TestRunner" name="runScenario" time="3.691"/>
  <testcase classname="saucedemo.runners.TestRunner" name="runScenario" time="4.543"/>
</testsuite> <!-- saucedemo.runners.TestRunner -->
