<?xml version="1.0" encoding="UTF-8"?>
<!-- Generated by org.testng.reporters.JUnitReportReporter -->
<testsuite hostname="DESKTOP-CJSKQI6" failures="0" tests="3" name="saucedemo.testclasses.CartPageTest" time="13.676" errors="0" timestamp="2025-09-08T19:11:03 IST" skipped="0">
  <testcase classname="saucedemo.testclasses.CartPageTest" name="isCartPageTest" time="0.014"/>
  <testcase classname="saucedemo.testclasses.CartPageTest" name="verifyAddedProductsTest" time="13.338"/>
  <testcase classname="saucedemo.testclasses.CartPageTest" name="clickCheckOutTest" time="0.324"/>
</testsuite> <!-- saucedemo.testclasses.CartPageTest -->
