<?xml version="1.0" encoding="UTF-8"?>
<!-- Generated by org.testng.reporters.JUnitReportReporter -->
<testsuite hostname="DESKTOP-CJSKQI6" failures="0" tests="3" name="saucedemo.testclasses.CartPageTest" time="14.639" errors="0" timestamp="2025-09-09T12:19:47 IST" skipped="0">
  <testcase classname="saucedemo.testclasses.CartPageTest" name="isCartPageTest" time="0.015"/>
  <testcase classname="saucedemo.testclasses.CartPageTest" name="verifyAddedProductsTest" time="13.320"/>
  <testcase classname="saucedemo.testclasses.CartPageTest" name="clickCheckOutTest" time="1.304"/>
</testsuite> <!-- saucedemo.testclasses.CartPageTest -->
