<?xml version="1.0" encoding="UTF-8"?>
<!-- Generated by org.testng.reporters.JUnitReportReporter -->
<testsuite hostname="DESKTOP-CJSKQI6" failures="0" tests="4" name="saucedemo.testclasses.LoginPageTest" time="3.071" errors="0" timestamp="2025-09-09T15:44:33 IST" skipped="0">
  <testcase classname="saucedemo.testclasses.LoginPageTest" name="urlWorking" time="0.231"/>
  <testcase classname="saucedemo.testclasses.LoginPageTest" name="inValidLogin" time="1.112"/>
  <testcase classname="saucedemo.testclasses.LoginPageTest" name="lockedUser" time="0.740"/>
  <testcase classname="saucedemo.testclasses.LoginPageTest" name="validLogin" time="0.988"/>
</testsuite> <!-- saucedemo.testclasses.LoginPageTest -->
