<?xml version="1.0" encoding="UTF-8"?>
<!-- Generated by org.testng.reporters.JUnitReportReporter -->
<testsuite hostname="DESKTOP-CJSKQI6" failures="0" tests="4" name="saucedemo.testclasses.LoginPageTest" time="3.023" errors="0" timestamp="2025-09-09T12:50:27 IST" skipped="0">
  <testcase classname="saucedemo.testclasses.LoginPageTest" name="urlWorking" time="0.206"/>
  <testcase classname="saucedemo.testclasses.LoginPageTest" name="inValidLogin" time="1.056"/>
  <testcase classname="saucedemo.testclasses.LoginPageTest" name="lockedUser" time="0.708"/>
  <testcase classname="saucedemo.testclasses.LoginPageTest" name="validLogin" time="1.053"/>
</testsuite> <!-- saucedemo.testclasses.LoginPageTest -->
