<?xml version="1.0" encoding="UTF-8"?>
<!-- Generated by org.testng.reporters.JUnitReportReporter -->
<testsuite hostname="DESKTOP-CJSKQI6" failures="0" tests="6" name="saucedemo.testclasses.ProductPageTest" time="32.205" errors="0" timestamp="2025-09-09T15:44:33 IST" skipped="0">
  <testcase classname="saucedemo.testclasses.ProductPageTest" name="productDisplayed" time="0.210"/>
  <testcase classname="saucedemo.testclasses.ProductPageTest" name="filterTest" time="4.995"/>
  <testcase classname="saucedemo.testclasses.ProductPageTest" name="addProductToCart" time="5.878"/>
  <testcase classname="saucedemo.testclasses.ProductPageTest" name="detailsTest" time="0.740"/>
  <testcase classname="saucedemo.testclasses.ProductPageTest" name="removeProductFromCart" time="14.402"/>
  <testcase classname="saucedemo.testclasses.ProductPageTest" name="goToCartTest" time="5.980"/>
</testsuite> <!-- saucedemo.testclasses.ProductPageTest -->
