<?xml version="1.0" encoding="UTF-8"?>
<!-- Generated by org.testng.reporters.JUnitReportReporter -->
<testsuite hostname="DESKTOP-CJSKQI6" failures="0" tests="6" name="saucedemo.testclasses.ProductPageTest" time="35.806" errors="0" timestamp="2025-09-09T11:45:26 IST" skipped="0">
  <testcase classname="saucedemo.testclasses.ProductPageTest" name="productDisplayed" time="0.516"/>
  <testcase classname="saucedemo.testclasses.ProductPageTest" name="filterTest" time="5.193"/>
  <testcase classname="saucedemo.testclasses.ProductPageTest" name="addProductToCart" time="7.314"/>
  <testcase classname="saucedemo.testclasses.ProductPageTest" name="detailsTest" time="1.082"/>
  <testcase classname="saucedemo.testclasses.ProductPageTest" name="removeProductFromCart" time="14.820"/>
  <testcase classname="saucedemo.testclasses.ProductPageTest" name="goToCartTest" time="6.881"/>
</testsuite> <!-- saucedemo.testclasses.ProductPageTest -->
