<?xml version="1.0" encoding="UTF-8"?>
<!-- Generated by org.testng.reporters.JUnitReportReporter -->
<testsuite hostname="DESKTOP-CJSKQI6" failures="0" tests="6" name="saucedemo.testclasses.ProductPageTest" time="25.422" errors="0" timestamp="2025-09-08T09:30:49 IST" skipped="0">
  <testcase classname="saucedemo.testclasses.ProductPageTest" name="productDisplayed" time="1.019"/>
  <testcase classname="saucedemo.testclasses.ProductPageTest" name="filterTest" time="4.822"/>
  <testcase classname="saucedemo.testclasses.ProductPageTest" name="addProductToCart" time="2.776"/>
  <testcase classname="saucedemo.testclasses.ProductPageTest" name="detailsTest" time="1.729"/>
  <testcase classname="saucedemo.testclasses.ProductPageTest" name="removeProductFromCart" time="11.671"/>
  <testcase classname="saucedemo.testclasses.ProductPageTest" name="goToCartTest" time="3.405"/>
</testsuite> <!-- saucedemo.testclasses.ProductPageTest -->
