<?xml version="1.0" encoding="UTF-8"?>
<!-- Generated by org.testng.reporters.JUnitReportReporter -->
<testsuite hostname="DESKTOP-CJSKQI6" failures="0" tests="3" name="saucedemo.testclasses.CartPageTest" time="14.792" errors="0" timestamp="2025-09-09T13:39:52 IST" skipped="0">
  <testcase classname="saucedemo.testclasses.CartPageTest" name="isCartPageTest" time="0.016"/>
  <testcase classname="saucedemo.testclasses.CartPageTest" name="verifyAddedProductsTest" time="13.432"/>
  <testcase classname="saucedemo.testclasses.CartPageTest" name="clickCheckOutTest" time="1.344"/>
</testsuite> <!-- saucedemo.testclasses.CartPageTest -->
