<?xml version="1.0" encoding="UTF-8"?>
<!-- Generated by org.testng.reporters.JUnitReportReporter -->
<testsuite hostname="DESKTOP-CJSKQI6" failures="0" tests="4" name="saucedemo.runners.TestRunner" time="20.907" errors="0" timestamp="2025-09-09T13:39:52 IST" skipped="0">
  <testcase classname="saucedemo.runners.TestRunner" name="runScenario" time="5.090"/>
  <testcase classname="saucedemo.runners.TestRunner" name="runScenario" time="5.379"/>
  <testcase classname="saucedemo.runners.TestRunner" name="runScenario" time="5.005"/>
  <testcase classname="saucedemo.runners.TestRunner" name="runScenario" time="5.433"/>
</testsuite> <!-- saucedemo.runners.TestRunner -->
