<?xml version="1.0" encoding="UTF-8"?>
<!-- Generated by org.testng.reporters.JUnitReportReporter -->
<testsuite hostname="DESKTOP-CJSKQI6" failures="0" tests="4" name="saucedemo.runners.TestRunner" time="33.971" errors="0" timestamp="2025-09-09T12:50:27 IST" skipped="0">
  <testcase classname="saucedemo.runners.TestRunner" name="runScenario" time="5.526"/>
  <testcase classname="saucedemo.runners.TestRunner" name="runScenario" time="5.904"/>
  <testcase classname="saucedemo.runners.TestRunner" name="runScenario" time="8.342"/>
  <testcase classname="saucedemo.runners.TestRunner" name="runScenario" time="14.199"/>
</testsuite> <!-- saucedemo.runners.TestRunner -->
