<?xml version="1.0" encoding="UTF-8"?>
<!-- Generated by org.testng.reporters.JUnitReportReporter -->
<testsuite hostname="DESKTOP-CJSKQI6" failures="0" tests="3" name="saucedemo.testclasses.CartPageTest" time="16.138" errors="0" timestamp="2025-09-09T11:45:26 IST" skipped="0">
  <testcase classname="saucedemo.testclasses.CartPageTest" name="isCartPageTest" time="0.017"/>
  <testcase classname="saucedemo.testclasses.CartPageTest" name="verifyAddedProductsTest" time="14.392"/>
  <testcase classname="saucedemo.testclasses.CartPageTest" name="clickCheckOutTest" time="1.729"/>
</testsuite> <!-- saucedemo.testclasses.CartPageTest -->
