<?xml version="1.0" encoding="UTF-8"?>
<!-- Generated by org.testng.reporters.JUnitReportReporter -->
<testsuite hostname="DESKTOP-CJSKQI6" failures="0" tests="4" name="saucedemo.testclasses.LoginPageTest" time="5.153" errors="0" timestamp="2025-09-09T11:17:29 IST" skipped="0">
  <testcase classname="saucedemo.testclasses.LoginPageTest" name="urlWorking" time="0.660"/>
  <testcase classname="saucedemo.testclasses.LoginPageTest" name="inValidLogin" time="1.392"/>
  <testcase classname="saucedemo.testclasses.LoginPageTest" name="lockedUser" time="1.297"/>
  <testcase classname="saucedemo.testclasses.LoginPageTest" name="validLogin" time="1.804"/>
</testsuite> <!-- saucedemo.testclasses.LoginPageTest -->
