<?xml version="1.0" encoding="UTF-8"?>
<!-- Generated by org.testng.reporters.JUnitReportReporter -->
<testsuite hostname="DESKTOP-CJSKQI6" failures="0" tests="6" name="saucedemo.testclasses.ProductPageTest" time="31.048" errors="0" timestamp="2025-09-08T22:59:37 IST" skipped="0">
  <testcase classname="saucedemo.testclasses.ProductPageTest" name="productDisplayed" time="0.288"/>
  <testcase classname="saucedemo.testclasses.ProductPageTest" name="filterTest" time="4.091"/>
  <testcase classname="saucedemo.testclasses.ProductPageTest" name="addProductToCart" time="5.932"/>
  <testcase classname="saucedemo.testclasses.ProductPageTest" name="detailsTest" time="0.702"/>
  <testcase classname="saucedemo.testclasses.ProductPageTest" name="removeProductFromCart" time="14.191"/>
  <testcase classname="saucedemo.testclasses.ProductPageTest" name="goToCartTest" time="5.844"/>
</testsuite> <!-- saucedemo.testclasses.ProductPageTest -->
