<?xml version="1.0" encoding="UTF-8"?>
<!-- Generated by org.testng.reporters.JUnitReportReporter -->
<testsuite hostname="DESKTOP-CJSKQI6" failures="0" tests="4" name="saucedemo.testclasses.LoginPageTest" time="2.836" errors="0" timestamp="2025-09-07T23:07:38 IST" skipped="0">
  <testcase classname="saucedemo.testclasses.LoginPageTest" name="urlWorking" time="0.235"/>
  <testcase classname="saucedemo.testclasses.LoginPageTest" name="inValidLogin" time="0.944"/>
  <testcase classname="saucedemo.testclasses.LoginPageTest" name="lockedUser" time="0.729"/>
  <testcase classname="saucedemo.testclasses.LoginPageTest" name="validLogin" time="0.928"/>
</testsuite> <!-- saucedemo.testclasses.LoginPageTest -->
