<?xml version="1.0" encoding="UTF-8"?>
<!-- Generated by org.testng.reporters.JUnitReportReporter -->
<testsuite hostname="DESKTOP-CJSKQI6" failures="0" tests="4" name="saucedemo.testclasses.LoginPageTest" time="5.932" errors="0" timestamp="2025-09-09T11:45:26 IST" skipped="0">
  <testcase classname="saucedemo.testclasses.LoginPageTest" name="urlWorking" time="0.457"/>
  <testcase classname="saucedemo.testclasses.LoginPageTest" name="inValidLogin" time="1.336"/>
  <testcase classname="saucedemo.testclasses.LoginPageTest" name="lockedUser" time="1.725"/>
  <testcase classname="saucedemo.testclasses.LoginPageTest" name="validLogin" time="2.414"/>
</testsuite> <!-- saucedemo.testclasses.LoginPageTest -->
