<?xml version="1.0" encoding="UTF-8"?>
<!-- Generated by org.testng.reporters.JUnitReportReporter -->
<testsuite hostname="DESKTOP-CJSKQI6" failures="0" tests="4" name="saucedemo.runners.TestRunner" time="30.055" errors="0" timestamp="2025-09-08T14:53:12 IST" skipped="0">
  <testcase classname="saucedemo.runners.TestRunner" name="runScenario" time="6.680"/>
  <testcase classname="saucedemo.runners.TestRunner" name="runScenario" time="6.447"/>
  <testcase classname="saucedemo.runners.TestRunner" name="runScenario" time="5.995"/>
  <testcase classname="saucedemo.runners.TestRunner" name="runScenario" time="10.933"/>
</testsuite> <!-- saucedemo.runners.TestRunner -->
