<?xml version="1.0" encoding="UTF-8"?>
<!-- Generated by org.testng.reporters.JUnitReportReporter -->
<testsuite hostname="DESKTOP-CJSKQI6" failures="0" tests="4" name="saucedemo.testclasses.LoginPageTest" time="4.700" errors="0" timestamp="2025-09-08T10:13:17 IST" skipped="0">
  <testcase classname="saucedemo.testclasses.LoginPageTest" name="urlWorking" time="0.531"/>
  <testcase classname="saucedemo.testclasses.LoginPageTest" name="inValidLogin" time="1.782"/>
  <testcase classname="saucedemo.testclasses.LoginPageTest" name="lockedUser" time="1.313"/>
  <testcase classname="saucedemo.testclasses.LoginPageTest" name="validLogin" time="1.074"/>
</testsuite> <!-- saucedemo.testclasses.LoginPageTest -->
