<?xml version="1.0" encoding="UTF-8"?>
<!-- Generated by org.testng.reporters.JUnitReportReporter -->
<testsuite hostname="DESKTOP-CJSKQI6" failures="0" tests="6" name="saucedemo.testclasses.ProductPageTest" time="19.333" errors="0" timestamp="2025-09-07T23:07:38 IST" skipped="0">
  <testcase classname="saucedemo.testclasses.ProductPageTest" name="productDisplayed" time="0.303"/>
  <testcase classname="saucedemo.testclasses.ProductPageTest" name="filterTest" time="3.616"/>
  <testcase classname="saucedemo.testclasses.ProductPageTest" name="addProductToCart" time="1.327"/>
  <testcase classname="saucedemo.testclasses.ProductPageTest" name="detailsTest" time="1.287"/>
  <testcase classname="saucedemo.testclasses.ProductPageTest" name="removeProductFromCart" time="10.738"/>
  <testcase classname="saucedemo.testclasses.ProductPageTest" name="goToCartTest" time="2.062"/>
</testsuite> <!-- saucedemo.testclasses.ProductPageTest -->
