<?xml version="1.0" encoding="UTF-8"?>
<!-- Generated by org.testng.reporters.JUnitReportReporter -->
<testsuite hostname="DESKTOP-CJSKQI6" failures="0" tests="4" name="saucedemo.testclasses.LoginPageTest" time="2.370" errors="0" timestamp="2025-09-08T16:10:18 IST" skipped="0">
  <testcase classname="saucedemo.testclasses.LoginPageTest" name="urlWorking" time="0.191"/>
  <testcase classname="saucedemo.testclasses.LoginPageTest" name="inValidLogin" time="0.715"/>
  <testcase classname="saucedemo.testclasses.LoginPageTest" name="lockedUser" time="0.753"/>
  <testcase classname="saucedemo.testclasses.LoginPageTest" name="validLogin" time="0.711"/>
</testsuite> <!-- saucedemo.testclasses.LoginPageTest -->
