<?xml version="1.0" encoding="UTF-8"?>
<!-- Generated by org.testng.reporters.JUnitReportReporter -->
<testsuite hostname="DESKTOP-CJSKQI6" failures="0" tests="4" name="saucedemo.testclasses.LoginPageTest" time="3.118" errors="0" timestamp="2025-09-08T13:20:29 IST" skipped="0">
  <testcase classname="saucedemo.testclasses.LoginPageTest" name="urlWorking" time="0.219"/>
  <testcase classname="saucedemo.testclasses.LoginPageTest" name="inValidLogin" time="0.870"/>
  <testcase classname="saucedemo.testclasses.LoginPageTest" name="lockedUser" time="0.656"/>
  <testcase classname="saucedemo.testclasses.LoginPageTest" name="validLogin" time="1.373"/>
</testsuite> <!-- saucedemo.testclasses.LoginPageTest -->
