<?xml version="1.0" encoding="UTF-8"?>
<!-- Generated by org.testng.reporters.JUnitReportReporter -->
<testsuite hostname="DESKTOP-CJSKQI6" failures="0" tests="6" name="saucedemo.testclasses.ProductPageTest" time="43.846" errors="0" timestamp="2025-09-08T20:56:53 IST" skipped="0">
  <testcase classname="saucedemo.testclasses.ProductPageTest" name="productDisplayed" time="0.251"/>
  <testcase classname="saucedemo.testclasses.ProductPageTest" name="filterTest" time="4.067"/>
  <testcase classname="saucedemo.testclasses.ProductPageTest" name="addProductToCart" time="9.100"/>
  <testcase classname="saucedemo.testclasses.ProductPageTest" name="detailsTest" time="2.240"/>
  <testcase classname="saucedemo.testclasses.ProductPageTest" name="removeProductFromCart" time="18.781"/>
  <testcase classname="saucedemo.testclasses.ProductPageTest" name="goToCartTest" time="9.407"/>
</testsuite> <!-- saucedemo.testclasses.ProductPageTest -->
