<?xml version="1.0" encoding="UTF-8"?>
<!-- Generated by org.testng.reporters.JUnitReportReporter -->
<testsuite hostname="DESKTOP-CJSKQI6" failures="0" tests="4" name="saucedemo.testclasses.LoginPageTest" time="6.062" errors="0" timestamp="2025-09-08T09:30:49 IST" skipped="0">
  <testcase classname="saucedemo.testclasses.LoginPageTest" name="urlWorking" time="0.513"/>
  <testcase classname="saucedemo.testclasses.LoginPageTest" name="inValidLogin" time="1.487"/>
  <testcase classname="saucedemo.testclasses.LoginPageTest" name="lockedUser" time="2.145"/>
  <testcase classname="saucedemo.testclasses.LoginPageTest" name="validLogin" time="1.917"/>
</testsuite> <!-- saucedemo.testclasses.LoginPageTest -->
