<?xml version="1.0" encoding="UTF-8"?>
<!-- Generated by org.testng.reporters.JUnitReportReporter -->
<testsuite hostname="DESKTOP-CJSKQI6" failures="0" tests="6" name="saucedemo.testclasses.ProductPageTest" time="36.300" errors="0" timestamp="2025-09-09T12:11:24 IST" skipped="0">
  <testcase classname="saucedemo.testclasses.ProductPageTest" name="productDisplayed" time="0.492"/>
  <testcase classname="saucedemo.testclasses.ProductPageTest" name="filterTest" time="5.078"/>
  <testcase classname="saucedemo.testclasses.ProductPageTest" name="addProductToCart" time="8.147"/>
  <testcase classname="saucedemo.testclasses.ProductPageTest" name="detailsTest" time="1.108"/>
  <testcase classname="saucedemo.testclasses.ProductPageTest" name="removeProductFromCart" time="14.503"/>
  <testcase classname="saucedemo.testclasses.ProductPageTest" name="goToCartTest" time="6.972"/>
</testsuite> <!-- saucedemo.testclasses.ProductPageTest -->
