<?xml version="1.0" encoding="UTF-8"?>
<!-- Generated by org.testng.reporters.JUnitReportReporter -->
<testsuite hostname="DESKTOP-CJSKQI6" failures="0" tests="4" name="saucedemo.runners.TestRunner" time="17.908" errors="0" timestamp="2025-09-07T23:07:37 IST" skipped="0">
  <testcase classname="saucedemo.runners.TestRunner" name="runScenario" time="4.082"/>
  <testcase classname="saucedemo.runners.TestRunner" name="runScenario" time="4.024"/>
  <testcase classname="saucedemo.runners.TestRunner" name="runScenario" time="4.253"/>
  <testcase classname="saucedemo.runners.TestRunner" name="runScenario" time="5.549"/>
</testsuite> <!-- saucedemo.runners.TestRunner -->
