<?xml version="1.0" encoding="UTF-8"?>
<!-- Generated by org.testng.reporters.JUnitReportReporter -->
<testsuite hostname="DESKTOP-CJSKQI6" failures="0" tests="6" name="saucedemo.testclasses.ProductPageTest" time="20.669" errors="0" timestamp="2025-09-08T10:13:17 IST" skipped="0">
  <testcase classname="saucedemo.testclasses.ProductPageTest" name="productDisplayed" time="0.409"/>
  <testcase classname="saucedemo.testclasses.ProductPageTest" name="filterTest" time="3.693"/>
  <testcase classname="saucedemo.testclasses.ProductPageTest" name="addProductToCart" time="1.249"/>
  <testcase classname="saucedemo.testclasses.ProductPageTest" name="detailsTest" time="1.383"/>
  <testcase classname="saucedemo.testclasses.ProductPageTest" name="removeProductFromCart" time="11.594"/>
  <testcase classname="saucedemo.testclasses.ProductPageTest" name="goToCartTest" time="2.341"/>
</testsuite> <!-- saucedemo.testclasses.ProductPageTest -->
