<?xml version="1.0" encoding="UTF-8"?>
<!-- Generated by org.testng.reporters.JUnitReportReporter -->
<testsuite hostname="DESKTOP-CJSKQI6" failures="0" tests="6" name="saucedemo.testclasses.ProductPageTest" time="22.727" errors="0" timestamp="2025-09-08T16:10:18 IST" skipped="0">
  <testcase classname="saucedemo.testclasses.ProductPageTest" name="productDisplayed" time="0.296"/>
  <testcase classname="saucedemo.testclasses.ProductPageTest" name="filterTest" time="4.093"/>
  <testcase classname="saucedemo.testclasses.ProductPageTest" name="addProductToCart" time="2.995"/>
  <testcase classname="saucedemo.testclasses.ProductPageTest" name="detailsTest" time="1.335"/>
  <testcase classname="saucedemo.testclasses.ProductPageTest" name="removeProductFromCart" time="12.011"/>
  <testcase classname="saucedemo.testclasses.ProductPageTest" name="goToCartTest" time="1.997"/>
</testsuite> <!-- saucedemo.testclasses.ProductPageTest -->
