<?xml version="1.0" encoding="UTF-8"?>
<!-- Generated by org.testng.reporters.JUnitReportReporter -->
<testsuite hostname="DESKTOP-CJSKQI6" failures="0" tests="6" name="saucedemo.testclasses.ProductPageTest" time="32.850" errors="0" timestamp="2025-09-09T13:39:52 IST" skipped="0">
  <testcase classname="saucedemo.testclasses.ProductPageTest" name="productDisplayed" time="0.398"/>
  <testcase classname="saucedemo.testclasses.ProductPageTest" name="filterTest" time="4.666"/>
  <testcase classname="saucedemo.testclasses.ProductPageTest" name="addProductToCart" time="6.264"/>
  <testcase classname="saucedemo.testclasses.ProductPageTest" name="detailsTest" time="0.787"/>
  <testcase classname="saucedemo.testclasses.ProductPageTest" name="removeProductFromCart" time="14.468"/>
  <testcase classname="saucedemo.testclasses.ProductPageTest" name="goToCartTest" time="6.267"/>
</testsuite> <!-- saucedemo.testclasses.ProductPageTest -->
