<?xml version="1.0" encoding="UTF-8"?>
<!-- Generated by org.testng.reporters.JUnitReportReporter -->
<testsuite hostname="DESKTOP-CJSKQI6" failures="0" tests="3" name="saucedemo.testclasses.CartPageTest" time="14.428" errors="0" timestamp="2025-10-02T12:44:40 IST" skipped="0">
  <testcase classname="saucedemo.testclasses.CartPageTest" name="isCartPageTest" time="0.100"/>
  <testcase classname="saucedemo.testclasses.CartPageTest" name="verifyAddedProductsTest" time="11.808"/>
  <testcase classname="saucedemo.testclasses.CartPageTest" name="clickCheckOutTest" time="2.520"/>
</testsuite> <!-- saucedemo.testclasses.CartPageTest -->
