<?xml version="1.0" encoding="UTF-8"?>
<!-- Generated by org.testng.reporters.JUnitReportReporter -->
<testsuite hostname="DESKTOP-CJSKQI6" failures="0" tests="3" name="saucedemo.testclasses.CartPageTest" time="12.561" errors="0" timestamp="2025-09-25T12:43:57 IST" skipped="0">
  <testcase classname="saucedemo.testclasses.CartPageTest" name="isCartPageTest" time="0.083"/>
  <testcase classname="saucedemo.testclasses.CartPageTest" name="verifyAddedProductsTest" time="10.156"/>
  <testcase classname="saucedemo.testclasses.CartPageTest" name="clickCheckOutTest" time="2.322"/>
</testsuite> <!-- saucedemo.testclasses.CartPageTest -->
