<?xml version="1.0" encoding="UTF-8"?>
<!-- Generated by org.testng.reporters.JUnitReportReporter -->
<testsuite hostname="DESKTOP-CJSKQI6" failures="0" tests="6" name="saucedemo.testclasses.ProductPageTest" time="31.613" errors="0" timestamp="2025-09-24T12:43:47 IST" skipped="0">
  <testcase classname="saucedemo.testclasses.ProductPageTest" name="productDisplayed" time="0.307"/>
  <testcase classname="saucedemo.testclasses.ProductPageTest" name="filterTest" time="4.455"/>
  <testcase classname="saucedemo.testclasses.ProductPageTest" name="addProductToCart" time="6.113"/>
  <testcase classname="saucedemo.testclasses.ProductPageTest" name="detailsTest" time="0.770"/>
  <testcase classname="saucedemo.testclasses.ProductPageTest" name="removeProductFromCart" time="14.202"/>
  <testcase classname="saucedemo.testclasses.ProductPageTest" name="goToCartTest" time="5.766"/>
</testsuite> <!-- saucedemo.testclasses.ProductPageTest -->
