<?xml version="1.0" encoding="UTF-8"?>
<!-- Generated by org.testng.reporters.JUnitReportReporter -->
<testsuite hostname="DESKTOP-CJSKQI6" failures="0" tests="6" name="saucedemo.testclasses.ProductPageTest" time="31.958" errors="0" timestamp="2025-09-09T13:43:38 IST" skipped="0">
  <testcase classname="saucedemo.testclasses.ProductPageTest" name="productDisplayed" time="0.242"/>
  <testcase classname="saucedemo.testclasses.ProductPageTest" name="filterTest" time="4.586"/>
  <testcase classname="saucedemo.testclasses.ProductPageTest" name="addProductToCart" time="5.796"/>
  <testcase classname="saucedemo.testclasses.ProductPageTest" name="detailsTest" time="0.779"/>
  <testcase classname="saucedemo.testclasses.ProductPageTest" name="removeProductFromCart" time="14.356"/>
  <testcase classname="saucedemo.testclasses.ProductPageTest" name="goToCartTest" time="6.199"/>
</testsuite> <!-- saucedemo.testclasses.ProductPageTest -->
