<?xml version="1.0" encoding="UTF-8"?>
<!-- Generated by org.testng.reporters.JUnitReportReporter -->
<testsuite hostname="DESKTOP-CJSKQI6" failures="0" tests="4" name="saucedemo.runners.TestRunner" time="12.714" errors="0" timestamp="2025-09-25T12:43:57 IST" skipped="0">
  <testcase classname="saucedemo.runners.TestRunner" name="runScenario" time="3.319"/>
  <testcase classname="saucedemo.runners.TestRunner" name="runScenario" time="3.515"/>
  <testcase classname="saucedemo.runners.TestRunner" name="runScenario" time="3.049"/>
  <testcase classname="saucedemo.runners.TestRunner" name="runScenario" time="2.831"/>
</testsuite> <!-- saucedemo.runners.TestRunner -->
