<?xml version="1.0" encoding="UTF-8"?>
<!-- Generated by org.testng.reporters.JUnitReportReporter -->
<testsuite hostname="DESKTOP-CJSKQI6" failures="0" tests="6" name="saucedemo.testclasses.ProductPageTest" time="32.382" errors="0" timestamp="2025-09-21T12:44:22 IST" skipped="0">
  <testcase classname="saucedemo.testclasses.ProductPageTest" name="productDisplayed" time="0.357"/>
  <testcase classname="saucedemo.testclasses.ProductPageTest" name="filterTest" time="4.589"/>
  <testcase classname="saucedemo.testclasses.ProductPageTest" name="addProductToCart" time="6.424"/>
  <testcase classname="saucedemo.testclasses.ProductPageTest" name="detailsTest" time="0.807"/>
  <testcase classname="saucedemo.testclasses.ProductPageTest" name="removeProductFromCart" time="14.304"/>
  <testcase classname="saucedemo.testclasses.ProductPageTest" name="goToCartTest" time="5.901"/>
</testsuite> <!-- saucedemo.testclasses.ProductPageTest -->
