<?xml version="1.0" encoding="UTF-8"?>
<!-- Generated by org.testng.reporters.JUnitReportReporter -->
<testsuite hostname="DESKTOP-CJSKQI6" failures="0" tests="4" name="saucedemo.runners.TestRunner" time="16.741" errors="0" timestamp="2025-09-09T13:00:14 IST" skipped="0">
  <testcase classname="saucedemo.runners.TestRunner" name="runScenario" time="5.470"/>
  <testcase classname="saucedemo.runners.TestRunner" name="runScenario" time="3.882"/>
  <testcase classname="saucedemo.runners.TestRunner" name="runScenario" time="3.805"/>
  <testcase classname="saucedemo.runners.TestRunner" name="runScenario" time="3.584"/>
</testsuite> <!-- saucedemo.runners.TestRunner -->
