<?xml version="1.0" encoding="UTF-8"?>
<!-- Generated by org.testng.reporters.JUnitReportReporter -->
<testsuite hostname="DESKTOP-CJSKQI6" failures="0" tests="4" name="saucedemo.testclasses.LoginPageTest" time="4.750" errors="0" timestamp="2025-09-15T12:45:12 IST" skipped="0">
  <testcase classname="saucedemo.testclasses.LoginPageTest" name="urlWorking" time="0.469"/>
  <testcase classname="saucedemo.testclasses.LoginPageTest" name="inValidLogin" time="1.149"/>
  <testcase classname="saucedemo.testclasses.LoginPageTest" name="lockedUser" time="1.774"/>
  <testcase classname="saucedemo.testclasses.LoginPageTest" name="validLogin" time="1.358"/>
</testsuite> <!-- saucedemo.testclasses.LoginPageTest -->
