<?xml version="1.0" encoding="UTF-8"?>
<!-- Generated by org.testng.reporters.JUnitReportReporter -->
<testsuite hostname="DESKTOP-CJSKQI6" failures="0" tests="6" name="saucedemo.testclasses.ProductPageTest" time="32.174" errors="0" timestamp="2025-09-11T23:02:24 IST" skipped="0">
  <testcase classname="saucedemo.testclasses.ProductPageTest" name="productDisplayed" time="0.299"/>
  <testcase classname="saucedemo.testclasses.ProductPageTest" name="filterTest" time="4.551"/>
  <testcase classname="saucedemo.testclasses.ProductPageTest" name="addProductToCart" time="6.135"/>
  <testcase classname="saucedemo.testclasses.ProductPageTest" name="detailsTest" time="0.940"/>
  <testcase classname="saucedemo.testclasses.ProductPageTest" name="removeProductFromCart" time="14.387"/>
  <testcase classname="saucedemo.testclasses.ProductPageTest" name="goToCartTest" time="5.862"/>
</testsuite> <!-- saucedemo.testclasses.ProductPageTest -->
