<?xml version="1.0" encoding="UTF-8"?>
<!-- Generated by org.testng.reporters.JUnitReportReporter -->
<testsuite hostname="DESKTOP-CJSKQI6" failures="0" tests="6" name="saucedemo.testclasses.ProductPageTest" time="41.486" errors="0" timestamp="2025-09-09T11:50:37 IST" skipped="0">
  <testcase classname="saucedemo.testclasses.ProductPageTest" name="productDisplayed" time="0.438"/>
  <testcase classname="saucedemo.testclasses.ProductPageTest" name="filterTest" time="5.026"/>
  <testcase classname="saucedemo.testclasses.ProductPageTest" name="addProductToCart" time="12.348"/>
  <testcase classname="saucedemo.testclasses.ProductPageTest" name="detailsTest" time="1.072"/>
  <testcase classname="saucedemo.testclasses.ProductPageTest" name="removeProductFromCart" time="15.740"/>
  <testcase classname="saucedemo.testclasses.ProductPageTest" name="goToCartTest" time="6.862"/>
</testsuite> <!-- saucedemo.testclasses.ProductPageTest -->
