<?xml version="1.0" encoding="UTF-8"?>
<!-- Generated by org.testng.reporters.JUnitReportReporter -->
<testsuite hostname="DESKTOP-CJSKQI6" failures="0" tests="4" name="saucedemo.runners.TestRunner" time="12.692" errors="0" timestamp="2025-09-24T12:43:47 IST" skipped="0">
  <testcase classname="saucedemo.runners.TestRunner" name="runScenario" time="3.526"/>
  <testcase classname="saucedemo.runners.TestRunner" name="runScenario" time="3.134"/>
  <testcase classname="saucedemo.runners.TestRunner" name="runScenario" time="3.119"/>
  <testcase classname="saucedemo.runners.TestRunner" name="runScenario" time="2.913"/>
</testsuite> <!-- saucedemo.runners.TestRunner -->
