<?xml version="1.0" encoding="UTF-8"?>
<!-- Generated by org.testng.reporters.JUnitReportReporter -->
<testsuite hostname="DESKTOP-CJSKQI6" failures="0" tests="4" name="saucedemo.testclasses.LoginPageTest" time="3.003" errors="0" timestamp="2025-10-02T12:44:41 IST" skipped="0">
  <testcase classname="saucedemo.testclasses.LoginPageTest" name="urlWorking" time="0.481"/>
  <testcase classname="saucedemo.testclasses.LoginPageTest" name="inValidLogin" time="0.950"/>
  <testcase classname="saucedemo.testclasses.LoginPageTest" name="lockedUser" time="0.671"/>
  <testcase classname="saucedemo.testclasses.LoginPageTest" name="validLogin" time="0.901"/>
</testsuite> <!-- saucedemo.testclasses.LoginPageTest -->
