<?xml version="1.0" encoding="UTF-8"?>
<!-- Generated by org.testng.reporters.JUnitReportReporter -->
<testsuite hostname="DESKTOP-CJSKQI6" failures="0" tests="4" name="saucedemo.runners.TestRunner" time="22.876" errors="0" timestamp="2025-09-09T13:23:45 IST" skipped="0">
  <testcase classname="saucedemo.runners.TestRunner" name="runScenario" time="6.200"/>
  <testcase classname="saucedemo.runners.TestRunner" name="runScenario" time="6.260"/>
  <testcase classname="saucedemo.runners.TestRunner" name="runScenario" time="4.363"/>
  <testcase classname="saucedemo.runners.TestRunner" name="runScenario" time="6.053"/>
</testsuite> <!-- saucedemo.runners.TestRunner -->
