<?xml version="1.0" encoding="UTF-8"?>
<!-- Generated by org.testng.reporters.JUnitReportReporter -->
<testsuite hostname="DESKTOP-CJSKQI6" failures="0" tests="3" name="saucedemo.testclasses.CartPageTest" time="13.771" errors="0" timestamp="2025-09-22T18:43:22 IST" skipped="0">
  <testcase classname="saucedemo.testclasses.CartPageTest" name="isCartPageTest" time="0.125"/>
  <testcase classname="saucedemo.testclasses.CartPageTest" name="verifyAddedProductsTest" time="11.198"/>
  <testcase classname="saucedemo.testclasses.CartPageTest" name="clickCheckOutTest" time="2.448"/>
</testsuite> <!-- saucedemo.testclasses.CartPageTest -->
