<?xml version="1.0" encoding="UTF-8"?>
<!-- Generated by org.testng.reporters.JUnitReportReporter -->
<testsuite hostname="DESKTOP-CJSKQI6" failures="0" tests="4" name="saucedemo.runners.TestRunner" time="26.458" errors="0" timestamp="2025-10-02T12:44:41 IST" skipped="0">
  <testcase classname="saucedemo.runners.TestRunner" name="runScenario" time="6.146"/>
  <testcase classname="saucedemo.runners.TestRunner" name="runScenario" time="6.883"/>
  <testcase classname="saucedemo.runners.TestRunner" name="runScenario" time="7.575"/>
  <testcase classname="saucedemo.runners.TestRunner" name="runScenario" time="5.854"/>
</testsuite> <!-- saucedemo.runners.TestRunner -->
