<?xml version="1.0" encoding="UTF-8"?>
<!-- Generated by org.testng.reporters.JUnitReportReporter -->
<testsuite hostname="DESKTOP-CJSKQI6" failures="0" tests="4" name="saucedemo.runners.TestRunner" time="31.684" errors="0" timestamp="2025-09-09T13:43:38 IST" skipped="0">
  <testcase classname="saucedemo.runners.TestRunner" name="runScenario" time="3.950"/>
  <testcase classname="saucedemo.runners.TestRunner" name="runScenario" time="9.531"/>
  <testcase classname="saucedemo.runners.TestRunner" name="runScenario" time="13.688"/>
  <testcase classname="saucedemo.runners.TestRunner" name="runScenario" time="4.515"/>
</testsuite> <!-- saucedemo.runners.TestRunner -->
