<?xml version="1.0" encoding="UTF-8"?>
<!-- Generated by org.testng.reporters.JUnitReportReporter -->
<testsuite hostname="DESKTOP-CJSKQI6" failures="0" tests="4" name="saucedemo.runners.TestRunner" time="12.171" errors="0" timestamp="2025-09-18T12:44:29 IST" skipped="0">
  <testcase classname="saucedemo.runners.TestRunner" name="runScenario" time="3.064"/>
  <testcase classname="saucedemo.runners.TestRunner" name="runScenario" time="2.777"/>
  <testcase classname="saucedemo.runners.TestRunner" name="runScenario" time="3.192"/>
  <testcase classname="saucedemo.runners.TestRunner" name="runScenario" time="3.138"/>
</testsuite> <!-- saucedemo.runners.TestRunner -->
