<?xml version="1.0" encoding="UTF-8"?>
<!-- Generated by org.testng.reporters.JUnitReportReporter -->
<testsuite hostname="DESKTOP-CJSKQI6" failures="0" tests="6" name="saucedemo.testclasses.ProductPageTest" time="31.898" errors="0" timestamp="2025-10-02T12:44:41 IST" skipped="0">
  <testcase classname="saucedemo.testclasses.ProductPageTest" name="productDisplayed" time="0.318"/>
  <testcase classname="saucedemo.testclasses.ProductPageTest" name="filterTest" time="4.548"/>
  <testcase classname="saucedemo.testclasses.ProductPageTest" name="addProductToCart" time="5.943"/>
  <testcase classname="saucedemo.testclasses.ProductPageTest" name="detailsTest" time="0.904"/>
  <testcase classname="saucedemo.testclasses.ProductPageTest" name="removeProductFromCart" time="14.348"/>
  <testcase classname="saucedemo.testclasses.ProductPageTest" name="goToCartTest" time="5.837"/>
</testsuite> <!-- saucedemo.testclasses.ProductPageTest -->
