<?xml version="1.0" encoding="UTF-8"?>
<!-- Generated by org.testng.reporters.JUnitReportReporter -->
<testsuite hostname="DESKTOP-CJSKQI6" failures="0" tests="4" name="saucedemo.testclasses.LoginPageTest" time="3.829" errors="0" timestamp="2025-09-22T18:43:22 IST" skipped="0">
  <testcase classname="saucedemo.testclasses.LoginPageTest" name="urlWorking" time="0.546"/>
  <testcase classname="saucedemo.testclasses.LoginPageTest" name="inValidLogin" time="1.226"/>
  <testcase classname="saucedemo.testclasses.LoginPageTest" name="lockedUser" time="1.154"/>
  <testcase classname="saucedemo.testclasses.LoginPageTest" name="validLogin" time="0.903"/>
</testsuite> <!-- saucedemo.testclasses.LoginPageTest -->
