<?xml version="1.0" encoding="UTF-8"?>
<!-- Generated by org.testng.reporters.JUnitReportReporter -->
<testsuite hostname="DESKTOP-CJSKQI6" failures="0" tests="7" name="saucedemo.testclasses.CheckOutPageTest" time="13.541" errors="0" timestamp="2025-10-02T12:44:40 IST" skipped="0">
  <testcase classname="saucedemo.testclasses.CheckOutPageTest" name="checkOutPageTest" time="0.152"/>
  <testcase classname="saucedemo.testclasses.CheckOutPageTest" name="checkOutWithoutDetailsTest" time="2.311"/>
  <testcase classname="saucedemo.testclasses.CheckOutPageTest" name="checkOutTest" time="1.823"/>
  <testcase classname="saucedemo.testclasses.CheckOutPageTest" name="verifyTotalAmountTest" time="3.217"/>
  <testcase classname="saucedemo.testclasses.CheckOutPageTest" name="finishOrderingTest" time="2.379"/>
  <testcase classname="saucedemo.testclasses.CheckOutPageTest" name="homepageTest" time="0.268"/>
  <testcase classname="saucedemo.testclasses.CheckOutPageTest" name="logoutTest" time="3.391"/>
</testsuite> <!-- saucedemo.testclasses.CheckOutPageTest -->
