<?xml version="1.0" encoding="UTF-8"?>
<!-- Generated by org.testng.reporters.JUnitReportReporter -->
<testsuite hostname="DESKTOP-CJSKQI6" failures="0" tests="6" name="saucedemo.testclasses.ProductPageTest" time="31.711" errors="0" timestamp="2025-09-25T12:43:57 IST" skipped="0">
  <testcase classname="saucedemo.testclasses.ProductPageTest" name="productDisplayed" time="0.309"/>
  <testcase classname="saucedemo.testclasses.ProductPageTest" name="filterTest" time="4.610"/>
  <testcase classname="saucedemo.testclasses.ProductPageTest" name="addProductToCart" time="6.052"/>
  <testcase classname="saucedemo.testclasses.ProductPageTest" name="detailsTest" time="0.787"/>
  <testcase classname="saucedemo.testclasses.ProductPageTest" name="removeProductFromCart" time="14.240"/>
  <testcase classname="saucedemo.testclasses.ProductPageTest" name="goToCartTest" time="5.713"/>
</testsuite> <!-- saucedemo.testclasses.ProductPageTest -->
