<?xml version="1.0" encoding="UTF-8"?>
<!-- Generated by org.testng.reporters.JUnitReportReporter -->
<testsuite hostname="DESKTOP-CJSKQI6" failures="0" tests="6" name="saucedemo.testclasses.ProductPageTest" time="44.226" errors="0" timestamp="2025-09-09T12:16:01 IST" skipped="0">
  <testcase classname="saucedemo.testclasses.ProductPageTest" name="productDisplayed" time="0.820"/>
  <testcase classname="saucedemo.testclasses.ProductPageTest" name="filterTest" time="5.209"/>
  <testcase classname="saucedemo.testclasses.ProductPageTest" name="addProductToCart" time="11.761"/>
  <testcase classname="saucedemo.testclasses.ProductPageTest" name="detailsTest" time="1.955"/>
  <testcase classname="saucedemo.testclasses.ProductPageTest" name="removeProductFromCart" time="17.505"/>
  <testcase classname="saucedemo.testclasses.ProductPageTest" name="goToCartTest" time="6.976"/>
</testsuite> <!-- saucedemo.testclasses.ProductPageTest -->
