<?xml version="1.0" encoding="UTF-8"?>
<!-- Generated by org.testng.reporters.JUnitReportReporter -->
<testsuite hostname="DESKTOP-CJSKQI6" failures="0" tests="7" name="saucedemo.testclasses.CheckOutPageTest" time="10.637" errors="0" timestamp="2025-09-09T11:50:37 IST" skipped="0">
  <testcase classname="saucedemo.testclasses.CheckOutPageTest" name="checkOutPageTest" time="0.047"/>
  <testcase classname="saucedemo.testclasses.CheckOutPageTest" name="checkOutWithoutDetailsTest" time="2.281"/>
  <testcase classname="saucedemo.testclasses.CheckOutPageTest" name="checkOutTest" time="1.220"/>
  <testcase classname="saucedemo.testclasses.CheckOutPageTest" name="verifyTotalAmountTest" time="2.092"/>
  <testcase classname="saucedemo.testclasses.CheckOutPageTest" name="finishOrderingTest" time="2.405"/>
  <testcase classname="saucedemo.testclasses.CheckOutPageTest" name="homepageTest" time="0.215"/>
  <testcase classname="saucedemo.testclasses.CheckOutPageTest" name="logoutTest" time="2.377"/>
</testsuite> <!-- saucedemo.testclasses.CheckOutPageTest -->
