<?xml version="1.0" encoding="UTF-8"?>
<!-- Generated by org.testng.reporters.JUnitReportReporter -->
<testsuite hostname="DESKTOP-CJSKQI6" failures="0" tests="4" name="saucedemo.runners.TestRunner" time="21.973" errors="0" timestamp="2025-09-12T12:45:33 IST" skipped="0">
  <testcase classname="saucedemo.runners.TestRunner" name="runScenario" time="5.820"/>
  <testcase classname="saucedemo.runners.TestRunner" name="runScenario" time="5.447"/>
  <testcase classname="saucedemo.runners.TestRunner" name="runScenario" time="5.853"/>
  <testcase classname="saucedemo.runners.TestRunner" name="runScenario" time="4.853"/>
</testsuite> <!-- saucedemo.runners.TestRunner -->
