<?xml version="1.0" encoding="UTF-8"?>
<!-- Generated by org.testng.reporters.JUnitReportReporter -->
<testsuite hostname="DESKTOP-CJSKQI6" failures="0" tests="6" name="saucedemo.testclasses.ProductPageTest" time="34.583" errors="0" timestamp="2025-09-09T13:23:45 IST" skipped="0">
  <testcase classname="saucedemo.testclasses.ProductPageTest" name="productDisplayed" time="0.253"/>
  <testcase classname="saucedemo.testclasses.ProductPageTest" name="filterTest" time="4.630"/>
  <testcase classname="saucedemo.testclasses.ProductPageTest" name="addProductToCart" time="7.268"/>
  <testcase classname="saucedemo.testclasses.ProductPageTest" name="detailsTest" time="0.724"/>
  <testcase classname="saucedemo.testclasses.ProductPageTest" name="removeProductFromCart" time="15.132"/>
  <testcase classname="saucedemo.testclasses.ProductPageTest" name="goToCartTest" time="6.576"/>
</testsuite> <!-- saucedemo.testclasses.ProductPageTest -->
