<?xml version="1.0" encoding="UTF-8"?>
<!-- Generated by org.testng.reporters.JUnitReportReporter -->
<testsuite hostname="DESKTOP-CJSKQI6" failures="0" tests="4" name="saucedemo.runners.TestRunner" time="26.191" errors="0" timestamp="2025-10-01T16:50:58 IST" skipped="0">
  <testcase classname="saucedemo.runners.TestRunner" name="runScenario" time="6.157"/>
  <testcase classname="saucedemo.runners.TestRunner" name="runScenario" time="5.423"/>
  <testcase classname="saucedemo.runners.TestRunner" name="runScenario" time="6.334"/>
  <testcase classname="saucedemo.runners.TestRunner" name="runScenario" time="8.277"/>
</testsuite> <!-- saucedemo.runners.TestRunner -->
