<?xml version="1.0" encoding="UTF-8"?>
<!-- Generated by org.testng.reporters.JUnitReportReporter -->
<testsuite hostname="DESKTOP-CJSKQI6" failures="0" tests="6" name="saucedemo.testclasses.ProductPageTest" time="31.093" errors="0" timestamp="2025-09-09T13:00:14 IST" skipped="0">
  <testcase classname="saucedemo.testclasses.ProductPageTest" name="productDisplayed" time="0.232"/>
  <testcase classname="saucedemo.testclasses.ProductPageTest" name="filterTest" time="4.487"/>
  <testcase classname="saucedemo.testclasses.ProductPageTest" name="addProductToCart" time="5.770"/>
  <testcase classname="saucedemo.testclasses.ProductPageTest" name="detailsTest" time="0.701"/>
  <testcase classname="saucedemo.testclasses.ProductPageTest" name="removeProductFromCart" time="14.118"/>
  <testcase classname="saucedemo.testclasses.ProductPageTest" name="goToCartTest" time="5.785"/>
</testsuite> <!-- saucedemo.testclasses.ProductPageTest -->
