<?xml version="1.0" encoding="UTF-8"?>
<!-- Generated by org.testng.reporters.JUnitReportReporter -->
<testsuite hostname="DESKTOP-CJSKQI6" failures="0" tests="4" name="saucedemo.testclasses.LoginPageTest" time="3.179" errors="0" timestamp="2025-09-11T23:02:24 IST" skipped="0">
  <testcase classname="saucedemo.testclasses.LoginPageTest" name="urlWorking" time="0.677"/>
  <testcase classname="saucedemo.testclasses.LoginPageTest" name="inValidLogin" time="0.822"/>
  <testcase classname="saucedemo.testclasses.LoginPageTest" name="lockedUser" time="0.761"/>
  <testcase classname="saucedemo.testclasses.LoginPageTest" name="validLogin" time="0.919"/>
</testsuite> <!-- saucedemo.testclasses.LoginPageTest -->
