<?xml version="1.0" encoding="UTF-8"?>
<!-- Generated by org.testng.reporters.JUnitReportReporter -->
<testsuite hostname="DESKTOP-CJSKQI6" failures="0" tests="7" name="saucedemo.testclasses.CheckOutPageTest" time="12.241" errors="0" timestamp="2025-09-30T12:44:31 IST" skipped="0">
  <testcase classname="saucedemo.testclasses.CheckOutPageTest" name="checkOutPageTest" time="0.096"/>
  <testcase classname="saucedemo.testclasses.CheckOutPageTest" name="checkOutWithoutDetailsTest" time="2.263"/>
  <testcase classname="saucedemo.testclasses.CheckOutPageTest" name="checkOutTest" time="1.088"/>
  <testcase classname="saucedemo.testclasses.CheckOutPageTest" name="verifyTotalAmountTest" time="3.140"/>
  <testcase classname="saucedemo.testclasses.CheckOutPageTest" name="finishOrderingTest" time="2.245"/>
  <testcase classname="saucedemo.testclasses.CheckOutPageTest" name="homepageTest" time="0.142"/>
  <testcase classname="saucedemo.testclasses.CheckOutPageTest" name="logoutTest" time="3.267"/>
</testsuite> <!-- saucedemo.testclasses.CheckOutPageTest -->
