<?xml version="1.0" encoding="UTF-8"?>
<!-- Generated by org.testng.reporters.JUnitReportReporter -->
<testsuite hostname="DESKTOP-CJSKQI6" failures="0" tests="4" name="saucedemo.testclasses.LoginPageTest" time="3.792" errors="0" timestamp="2025-09-27T12:44:23 IST" skipped="0">
  <testcase classname="saucedemo.testclasses.LoginPageTest" name="urlWorking" time="0.848"/>
  <testcase classname="saucedemo.testclasses.LoginPageTest" name="inValidLogin" time="1.092"/>
  <testcase classname="saucedemo.testclasses.LoginPageTest" name="lockedUser" time="0.773"/>
  <testcase classname="saucedemo.testclasses.LoginPageTest" name="validLogin" time="1.079"/>
</testsuite> <!-- saucedemo.testclasses.LoginPageTest -->
