<?xml version="1.0" encoding="UTF-8"?>
<!-- Generated by org.testng.reporters.JUnitReportReporter -->
<testsuite hostname="DESKTOP-CJSKQI6" failures="0" tests="7" name="saucedemo.testclasses.CheckOutPageTest" time="10.606" errors="0" timestamp="2025-09-09T13:00:14 IST" skipped="0">
  <testcase classname="saucedemo.testclasses.CheckOutPageTest" name="checkOutPageTest" time="0.013"/>
  <testcase classname="saucedemo.testclasses.CheckOutPageTest" name="checkOutWithoutDetailsTest" time="2.232"/>
  <testcase classname="saucedemo.testclasses.CheckOutPageTest" name="checkOutTest" time="0.717"/>
  <testcase classname="saucedemo.testclasses.CheckOutPageTest" name="verifyTotalAmountTest" time="2.047"/>
  <testcase classname="saucedemo.testclasses.CheckOutPageTest" name="finishOrderingTest" time="2.161"/>
  <testcase classname="saucedemo.testclasses.CheckOutPageTest" name="homepageTest" time="0.150"/>
  <testcase classname="saucedemo.testclasses.CheckOutPageTest" name="logoutTest" time="3.286"/>
</testsuite> <!-- saucedemo.testclasses.CheckOutPageTest -->
