<?xml version="1.0" encoding="UTF-8"?>
<!-- Generated by org.testng.reporters.JUnitReportReporter -->
<testsuite hostname="DESKTOP-CJSKQI6" failures="0" tests="6" name="saucedemo.testclasses.ProductPageTest" time="34.333" errors="0" timestamp="2025-10-01T16:50:58 IST" skipped="0">
  <testcase classname="saucedemo.testclasses.ProductPageTest" name="productDisplayed" time="0.636"/>
  <testcase classname="saucedemo.testclasses.ProductPageTest" name="filterTest" time="4.789"/>
  <testcase classname="saucedemo.testclasses.ProductPageTest" name="addProductToCart" time="6.171"/>
  <testcase classname="saucedemo.testclasses.ProductPageTest" name="detailsTest" time="1.002"/>
  <testcase classname="saucedemo.testclasses.ProductPageTest" name="removeProductFromCart" time="14.569"/>
  <testcase classname="saucedemo.testclasses.ProductPageTest" name="goToCartTest" time="7.166"/>
</testsuite> <!-- saucedemo.testclasses.ProductPageTest -->
