<?xml version="1.0" encoding="UTF-8"?>
<!-- Generated by org.testng.reporters.JUnitReportReporter -->
<testsuite hostname="DESKTOP-CJSKQI6" failures="0" tests="4" name="saucedemo.runners.TestRunner" time="29.158" errors="0" timestamp="2025-09-13T12:45:27 IST" skipped="0">
  <testcase classname="saucedemo.runners.TestRunner" name="runScenario" time="6.797"/>
  <testcase classname="saucedemo.runners.TestRunner" name="runScenario" time="7.386"/>
  <testcase classname="saucedemo.runners.TestRunner" name="runScenario" time="5.852"/>
  <testcase classname="saucedemo.runners.TestRunner" name="runScenario" time="9.123"/>
</testsuite> <!-- saucedemo.runners.TestRunner -->
