<?xml version="1.0" encoding="UTF-8"?>
<!-- Generated by org.testng.reporters.JUnitReportReporter -->
<testsuite hostname="DESKTOP-CJSKQI6" failures="0" tests="4" name="saucedemo.testclasses.LoginPageTest" time="5.608" errors="0" timestamp="2025-09-12T12:45:33 IST" skipped="0">
  <testcase classname="saucedemo.testclasses.LoginPageTest" name="urlWorking" time="0.665"/>
  <testcase classname="saucedemo.testclasses.LoginPageTest" name="inValidLogin" time="1.404"/>
  <testcase classname="saucedemo.testclasses.LoginPageTest" name="lockedUser" time="2.170"/>
  <testcase classname="saucedemo.testclasses.LoginPageTest" name="validLogin" time="1.369"/>
</testsuite> <!-- saucedemo.testclasses.LoginPageTest -->
