<?xml version="1.0" encoding="UTF-8"?>
<!-- Generated by org.testng.reporters.JUnitReportReporter -->
<testsuite hostname="DESKTOP-CJSKQI6" failures="0" tests="4" name="saucedemo.runners.TestRunner" time="35.665" errors="0" timestamp="2025-09-09T15:49:38 IST" skipped="0">
  <testcase classname="saucedemo.runners.TestRunner" name="runScenario" time="5.234"/>
  <testcase classname="saucedemo.runners.TestRunner" name="runScenario" time="5.127"/>
  <testcase classname="saucedemo.runners.TestRunner" name="runScenario" time="19.688"/>
  <testcase classname="saucedemo.runners.TestRunner" name="runScenario" time="5.616"/>
</testsuite> <!-- saucedemo.runners.TestRunner -->
