<?xml version="1.0" encoding="UTF-8"?>
<!-- Generated by org.testng.reporters.JUnitReportReporter -->
<testsuite hostname="DESKTOP-CJSKQI6" failures="0" tests="4" name="saucedemo.runners.TestRunner" time="15.972" errors="0" timestamp="2025-09-30T12:44:31 IST" skipped="0">
  <testcase classname="saucedemo.runners.TestRunner" name="runScenario" time="3.766"/>
  <testcase classname="saucedemo.runners.TestRunner" name="runScenario" time="4.217"/>
  <testcase classname="saucedemo.runners.TestRunner" name="runScenario" time="3.806"/>
  <testcase classname="saucedemo.runners.TestRunner" name="runScenario" time="4.183"/>
</testsuite> <!-- saucedemo.runners.TestRunner -->
