<?xml version="1.0" encoding="UTF-8"?>
<!-- Generated by org.testng.reporters.JUnitReportReporter -->
<testsuite hostname="DESKTOP-CJSKQI6" failures="0" tests="6" name="saucedemo.testclasses.ProductPageTest" time="33.855" errors="0" timestamp="2025-09-09T12:05:24 IST" skipped="0">
  <testcase classname="saucedemo.testclasses.ProductPageTest" name="productDisplayed" time="0.490"/>
  <testcase classname="saucedemo.testclasses.ProductPageTest" name="filterTest" time="4.732"/>
  <testcase classname="saucedemo.testclasses.ProductPageTest" name="addProductToCart" time="7.439"/>
  <testcase classname="saucedemo.testclasses.ProductPageTest" name="detailsTest" time="0.748"/>
  <testcase classname="saucedemo.testclasses.ProductPageTest" name="removeProductFromCart" time="14.519"/>
  <testcase classname="saucedemo.testclasses.ProductPageTest" name="goToCartTest" time="5.927"/>
</testsuite> <!-- saucedemo.testclasses.ProductPageTest -->
