<?xml version="1.0" encoding="UTF-8"?>
<!-- Generated by org.testng.reporters.JUnitReportReporter -->
<testsuite hostname="DESKTOP-CJSKQI6" failures="0" tests="4" name="saucedemo.runners.TestRunner" time="13.232" errors="0" timestamp="2025-09-27T12:44:23 IST" skipped="0">
  <testcase classname="saucedemo.runners.TestRunner" name="runScenario" time="3.239"/>
  <testcase classname="saucedemo.runners.TestRunner" name="runScenario" time="3.068"/>
  <testcase classname="saucedemo.runners.TestRunner" name="runScenario" time="3.298"/>
  <testcase classname="saucedemo.runners.TestRunner" name="runScenario" time="3.627"/>
</testsuite> <!-- saucedemo.runners.TestRunner -->
