<?xml version="1.0" encoding="UTF-8"?>
<!-- Generated by org.testng.reporters.JUnitReportReporter -->
<testsuite hostname="DESKTOP-CJSKQI6" failures="0" tests="4" name="saucedemo.testclasses.LoginPageTest" time="3.536" errors="0" timestamp="2025-09-09T12:16:01 IST" skipped="0">
  <testcase classname="saucedemo.testclasses.LoginPageTest" name="urlWorking" time="0.414"/>
  <testcase classname="saucedemo.testclasses.LoginPageTest" name="inValidLogin" time="0.998"/>
  <testcase classname="saucedemo.testclasses.LoginPageTest" name="lockedUser" time="1.069"/>
  <testcase classname="saucedemo.testclasses.LoginPageTest" name="validLogin" time="1.055"/>
</testsuite> <!-- saucedemo.testclasses.LoginPageTest -->
