<?xml version="1.0" encoding="UTF-8"?>
<!-- Generated by org.testng.reporters.JUnitReportReporter -->
<testsuite hostname="DESKTOP-CJSKQI6" failures="0" tests="4" name="saucedemo.testclasses.LoginPageTest" time="2.215" errors="0" timestamp="2025-09-18T12:44:29 IST" skipped="0">
  <testcase classname="saucedemo.testclasses.LoginPageTest" name="urlWorking" time="0.373"/>
  <testcase classname="saucedemo.testclasses.LoginPageTest" name="inValidLogin" time="0.660"/>
  <testcase classname="saucedemo.testclasses.LoginPageTest" name="lockedUser" time="0.549"/>
  <testcase classname="saucedemo.testclasses.LoginPageTest" name="validLogin" time="0.633"/>
</testsuite> <!-- saucedemo.testclasses.LoginPageTest -->
