<?xml version="1.0" encoding="UTF-8"?>
<!-- Generated by org.testng.reporters.JUnitReportReporter -->
<testsuite hostname="DESKTOP-CJSKQI6" failures="0" tests="6" name="saucedemo.testclasses.ProductPageTest" time="31.881" errors="0" timestamp="2025-09-18T12:44:29 IST" skipped="0">
  <testcase classname="saucedemo.testclasses.ProductPageTest" name="productDisplayed" time="0.318"/>
  <testcase classname="saucedemo.testclasses.ProductPageTest" name="filterTest" time="4.501"/>
  <testcase classname="saucedemo.testclasses.ProductPageTest" name="addProductToCart" time="5.899"/>
  <testcase classname="saucedemo.testclasses.ProductPageTest" name="detailsTest" time="0.857"/>
  <testcase classname="saucedemo.testclasses.ProductPageTest" name="removeProductFromCart" time="14.540"/>
  <testcase classname="saucedemo.testclasses.ProductPageTest" name="goToCartTest" time="5.766"/>
</testsuite> <!-- saucedemo.testclasses.ProductPageTest -->
