<?xml version="1.0" encoding="UTF-8"?>
<!-- Generated by org.testng.reporters.JUnitReportReporter -->
<testsuite hostname="DESKTOP-CJSKQI6" failures="0" tests="4" name="saucedemo.testclasses.LoginPageTest" time="7.644" errors="0" timestamp="2025-10-01T16:50:58 IST" skipped="0">
  <testcase classname="saucedemo.testclasses.LoginPageTest" name="urlWorking" time="1.213"/>
  <testcase classname="saucedemo.testclasses.LoginPageTest" name="inValidLogin" time="2.060"/>
  <testcase classname="saucedemo.testclasses.LoginPageTest" name="lockedUser" time="2.845"/>
  <testcase classname="saucedemo.testclasses.LoginPageTest" name="validLogin" time="1.526"/>
</testsuite> <!-- saucedemo.testclasses.LoginPageTest -->
