<?xml version="1.0" encoding="UTF-8"?>
<!-- Generated by org.testng.reporters.JUnitReportReporter -->
<testsuite hostname="DESKTOP-CJSKQI6" failures="0" tests="4" name="saucedemo.runners.TestRunner" time="28.676" errors="0" timestamp="2025-09-15T12:45:12 IST" skipped="0">
  <testcase classname="saucedemo.runners.TestRunner" name="runScenario" time="6.189"/>
  <testcase classname="saucedemo.runners.TestRunner" name="runScenario" time="6.379"/>
  <testcase classname="saucedemo.runners.TestRunner" name="runScenario" time="5.707"/>
  <testcase classname="saucedemo.runners.TestRunner" name="runScenario" time="10.401"/>
</testsuite> <!-- saucedemo.runners.TestRunner -->
