<?xml version="1.0" encoding="UTF-8"?>
<!-- Generated by org.testng.reporters.JUnitReportReporter -->
<testsuite hostname="DESKTOP-CJSKQI6" failures="0" tests="7" name="saucedemo.testclasses.CheckOutPageTest" time="13.833" errors="0" timestamp="2025-09-15T12:45:12 IST" skipped="0">
  <testcase classname="saucedemo.testclasses.CheckOutPageTest" name="checkOutPageTest" time="0.136"/>
  <testcase classname="saucedemo.testclasses.CheckOutPageTest" name="checkOutWithoutDetailsTest" time="2.532"/>
  <testcase classname="saucedemo.testclasses.CheckOutPageTest" name="checkOutTest" time="1.317"/>
  <testcase classname="saucedemo.testclasses.CheckOutPageTest" name="verifyTotalAmountTest" time="3.198"/>
  <testcase classname="saucedemo.testclasses.CheckOutPageTest" name="finishOrderingTest" time="2.329"/>
  <testcase classname="saucedemo.testclasses.CheckOutPageTest" name="homepageTest" time="0.185"/>
  <testcase classname="saucedemo.testclasses.CheckOutPageTest" name="logoutTest" time="4.136"/>
</testsuite> <!-- saucedemo.testclasses.CheckOutPageTest -->
