<?xml version="1.0" encoding="UTF-8"?>
<!-- Generated by org.testng.reporters.JUnitReportReporter -->
<testsuite hostname="DESKTOP-CJSKQI6" failures="0" tests="4" name="saucedemo.testclasses.LoginPageTest" time="1.927" errors="0" timestamp="2025-09-09T13:00:14 IST" skipped="0">
  <testcase classname="saucedemo.testclasses.LoginPageTest" name="urlWorking" time="0.163"/>
  <testcase classname="saucedemo.testclasses.LoginPageTest" name="inValidLogin" time="0.582"/>
  <testcase classname="saucedemo.testclasses.LoginPageTest" name="lockedUser" time="0.617"/>
  <testcase classname="saucedemo.testclasses.LoginPageTest" name="validLogin" time="0.565"/>
</testsuite> <!-- saucedemo.testclasses.LoginPageTest -->
