<?xml version="1.0" encoding="UTF-8"?>
<!-- Generated by org.testng.reporters.JUnitReportReporter -->
<testsuite hostname="DESKTOP-CJSKQI6" failures="0" tests="6" name="saucedemo.testclasses.ProductPageTest" time="35.593" errors="0" timestamp="2025-09-13T12:45:27 IST" skipped="0">
  <testcase classname="saucedemo.testclasses.ProductPageTest" name="productDisplayed" time="0.466"/>
  <testcase classname="saucedemo.testclasses.ProductPageTest" name="filterTest" time="4.819"/>
  <testcase classname="saucedemo.testclasses.ProductPageTest" name="addProductToCart" time="8.271"/>
  <testcase classname="saucedemo.testclasses.ProductPageTest" name="detailsTest" time="1.011"/>
  <testcase classname="saucedemo.testclasses.ProductPageTest" name="removeProductFromCart" time="14.906"/>
  <testcase classname="saucedemo.testclasses.ProductPageTest" name="goToCartTest" time="6.120"/>
</testsuite> <!-- saucedemo.testclasses.ProductPageTest -->
