<?xml version="1.0" encoding="UTF-8"?>
<!-- Generated by org.testng.reporters.JUnitReportReporter -->
<testsuite hostname="DESKTOP-CJSKQI6" failures="0" tests="4" name="saucedemo.testclasses.LoginPageTest" time="3.355" errors="0" timestamp="2025-09-09T11:50:37 IST" skipped="0">
  <testcase classname="saucedemo.testclasses.LoginPageTest" name="urlWorking" time="0.379"/>
  <testcase classname="saucedemo.testclasses.LoginPageTest" name="inValidLogin" time="1.176"/>
  <testcase classname="saucedemo.testclasses.LoginPageTest" name="lockedUser" time="0.828"/>
  <testcase classname="saucedemo.testclasses.LoginPageTest" name="validLogin" time="0.972"/>
</testsuite> <!-- saucedemo.testclasses.LoginPageTest -->
