<?xml version="1.0" encoding="UTF-8"?>
<!-- Generated by org.testng.reporters.JUnitReportReporter -->
<testsuite hostname="DESKTOP-CJSKQI6" failures="0" tests="4" name="saucedemo.testclasses.LoginPageTest" time="4.478" errors="0" timestamp="2025-09-09T12:05:24 IST" skipped="0">
  <testcase classname="saucedemo.testclasses.LoginPageTest" name="urlWorking" time="1.172"/>
  <testcase classname="saucedemo.testclasses.LoginPageTest" name="inValidLogin" time="1.387"/>
  <testcase classname="saucedemo.testclasses.LoginPageTest" name="lockedUser" time="0.962"/>
  <testcase classname="saucedemo.testclasses.LoginPageTest" name="validLogin" time="0.957"/>
</testsuite> <!-- saucedemo.testclasses.LoginPageTest -->
