<?xml version="1.0" encoding="UTF-8"?>
<!-- Generated by org.testng.reporters.JUnitReportReporter -->
<testsuite hostname="DESKTOP-CJSKQI6" failures="0" tests="4" name="saucedemo.runners.TestRunner" time="36.491" errors="0" timestamp="2025-09-22T18:43:22 IST" skipped="0">
  <testcase classname="saucedemo.runners.TestRunner" name="runScenario" time="4.745"/>
  <testcase classname="saucedemo.runners.TestRunner" name="runScenario" time="4.351"/>
  <testcase classname="saucedemo.runners.TestRunner" name="runScenario" time="23.085"/>
  <testcase classname="saucedemo.runners.TestRunner" name="runScenario" time="4.310"/>
</testsuite> <!-- saucedemo.runners.TestRunner -->
