<?xml version="1.0" encoding="UTF-8"?>
<!-- Generated by org.testng.reporters.JUnitReportReporter -->
<testsuite hostname="DESKTOP-CJSKQI6" failures="0" tests="4" name="saucedemo.runners.TestRunner" time="14.510" errors="0" timestamp="2025-09-21T12:44:22 IST" skipped="0">
  <testcase classname="saucedemo.runners.TestRunner" name="runScenario" time="3.812"/>
  <testcase classname="saucedemo.runners.TestRunner" name="runScenario" time="3.716"/>
  <testcase classname="saucedemo.runners.TestRunner" name="runScenario" time="3.622"/>
  <testcase classname="saucedemo.runners.TestRunner" name="runScenario" time="3.360"/>
</testsuite> <!-- saucedemo.runners.TestRunner -->
