<?xml version="1.0" encoding="UTF-8"?>
<!-- Generated by org.testng.reporters.JUnitReportReporter -->
<testsuite hostname="DESKTOP-CJSKQI6" failures="0" tests="3" name="saucedemo.testclasses.CartPageTest" time="12.909" errors="0" timestamp="2025-09-18T12:44:29 IST" skipped="0">
  <testcase classname="saucedemo.testclasses.CartPageTest" name="isCartPageTest" time="0.245"/>
  <testcase classname="saucedemo.testclasses.CartPageTest" name="verifyAddedProductsTest" time="10.323"/>
  <testcase classname="saucedemo.testclasses.CartPageTest" name="clickCheckOutTest" time="2.341"/>
</testsuite> <!-- saucedemo.testclasses.CartPageTest -->
