<?xml version="1.0" encoding="UTF-8"?>
<!-- Generated by org.testng.reporters.JUnitReportReporter -->
<testsuite hostname="DESKTOP-CJSKQI6" failures="0" tests="4" name="saucedemo.runners.TestRunner" time="19.155" errors="0" timestamp="2025-09-11T23:02:24 IST" skipped="0">
  <testcase classname="saucedemo.runners.TestRunner" name="runScenario" time="4.308"/>
  <testcase classname="saucedemo.runners.TestRunner" name="runScenario" time="5.049"/>
  <testcase classname="saucedemo.runners.TestRunner" name="runScenario" time="4.999"/>
  <testcase classname="saucedemo.runners.TestRunner" name="runScenario" time="4.799"/>
</testsuite> <!-- saucedemo.runners.TestRunner -->
