<?xml version="1.0" encoding="UTF-8"?>
<!-- Generated by org.testng.reporters.JUnitReportReporter -->
<testsuite hostname="DESKTOP-CJSKQI6" failures="0" tests="6" name="saucedemo.testclasses.ProductPageTest" time="35.584" errors="0" timestamp="2025-09-22T18:43:22 IST" skipped="0">
  <testcase classname="saucedemo.testclasses.ProductPageTest" name="productDisplayed" time="0.409"/>
  <testcase classname="saucedemo.testclasses.ProductPageTest" name="filterTest" time="4.795"/>
  <testcase classname="saucedemo.testclasses.ProductPageTest" name="addProductToCart" time="7.002"/>
  <testcase classname="saucedemo.testclasses.ProductPageTest" name="detailsTest" time="1.127"/>
  <testcase classname="saucedemo.testclasses.ProductPageTest" name="removeProductFromCart" time="16.307"/>
  <testcase classname="saucedemo.testclasses.ProductPageTest" name="goToCartTest" time="5.944"/>
</testsuite> <!-- saucedemo.testclasses.ProductPageTest -->
