<?xml version="1.0" encoding="UTF-8"?>
<!-- Generated by org.testng.reporters.JUnitReportReporter -->
<testsuite hostname="DESKTOP-CJSKQI6" failures="0" tests="6" name="saucedemo.testclasses.ProductPageTest" time="33.846" errors="0" timestamp="2025-09-15T12:45:12 IST" skipped="0">
  <testcase classname="saucedemo.testclasses.ProductPageTest" name="productDisplayed" time="0.470"/>
  <testcase classname="saucedemo.testclasses.ProductPageTest" name="filterTest" time="4.857"/>
  <testcase classname="saucedemo.testclasses.ProductPageTest" name="addProductToCart" time="7.008"/>
  <testcase classname="saucedemo.testclasses.ProductPageTest" name="detailsTest" time="0.936"/>
  <testcase classname="saucedemo.testclasses.ProductPageTest" name="removeProductFromCart" time="14.446"/>
  <testcase classname="saucedemo.testclasses.ProductPageTest" name="goToCartTest" time="6.129"/>
</testsuite> <!-- saucedemo.testclasses.ProductPageTest -->
