<?xml version="1.0" encoding="UTF-8"?>
<!-- Generated by org.testng.reporters.JUnitReportReporter -->
<testsuite hostname="DESKTOP-CJSKQI6" failures="0" tests="6" name="saucedemo.testclasses.ProductPageTest" time="32.180" errors="0" timestamp="2025-09-30T12:44:31 IST" skipped="0">
  <testcase classname="saucedemo.testclasses.ProductPageTest" name="productDisplayed" time="0.352"/>
  <testcase classname="saucedemo.testclasses.ProductPageTest" name="filterTest" time="4.571"/>
  <testcase classname="saucedemo.testclasses.ProductPageTest" name="addProductToCart" time="5.967"/>
  <testcase classname="saucedemo.testclasses.ProductPageTest" name="detailsTest" time="0.796"/>
  <testcase classname="saucedemo.testclasses.ProductPageTest" name="removeProductFromCart" time="14.591"/>
  <testcase classname="saucedemo.testclasses.ProductPageTest" name="goToCartTest" time="5.903"/>
</testsuite> <!-- saucedemo.testclasses.ProductPageTest -->
