<?xml version="1.0" encoding="UTF-8"?>
<!-- Generated by org.testng.reporters.JUnitReportReporter -->
<testsuite hostname="DESKTOP-CJSKQI6" failures="0" tests="6" name="saucedemo.testclasses.ProductPageTest" time="31.789" errors="0" timestamp="2025-09-26T12:43:39 IST" skipped="0">
  <testcase classname="saucedemo.testclasses.ProductPageTest" name="productDisplayed" time="0.312"/>
  <testcase classname="saucedemo.testclasses.ProductPageTest" name="filterTest" time="4.484"/>
  <testcase classname="saucedemo.testclasses.ProductPageTest" name="addProductToCart" time="6.152"/>
  <testcase classname="saucedemo.testclasses.ProductPageTest" name="detailsTest" time="0.786"/>
  <testcase classname="saucedemo.testclasses.ProductPageTest" name="removeProductFromCart" time="14.251"/>
  <testcase classname="saucedemo.testclasses.ProductPageTest" name="goToCartTest" time="5.804"/>
</testsuite> <!-- saucedemo.testclasses.ProductPageTest -->
