<?xml version="1.0" encoding="UTF-8"?>
<!-- Generated by org.testng.reporters.JUnitReportReporter -->
<testsuite hostname="DESKTOP-CJSKQI6" failures="0" tests="6" name="saucedemo.testclasses.ProductPageTest" time="34.657" errors="0" timestamp="2025-09-12T12:45:33 IST" skipped="0">
  <testcase classname="saucedemo.testclasses.ProductPageTest" name="productDisplayed" time="0.692"/>
  <testcase classname="saucedemo.testclasses.ProductPageTest" name="filterTest" time="5.071"/>
  <testcase classname="saucedemo.testclasses.ProductPageTest" name="addProductToCart" time="7.428"/>
  <testcase classname="saucedemo.testclasses.ProductPageTest" name="detailsTest" time="0.935"/>
  <testcase classname="saucedemo.testclasses.ProductPageTest" name="removeProductFromCart" time="14.457"/>
  <testcase classname="saucedemo.testclasses.ProductPageTest" name="goToCartTest" time="6.074"/>
</testsuite> <!-- saucedemo.testclasses.ProductPageTest -->
