<?xml version="1.0" encoding="UTF-8"?>
<!-- Generated by org.testng.reporters.JUnitReportReporter -->
<testsuite hostname="DESKTOP-CJSKQI6" failures="0" tests="4" name="saucedemo.testclasses.LoginPageTest" time="4.968" errors="0" timestamp="2025-09-13T12:45:27 IST" skipped="0">
  <testcase classname="saucedemo.testclasses.LoginPageTest" name="urlWorking" time="1.403"/>
  <testcase classname="saucedemo.testclasses.LoginPageTest" name="inValidLogin" time="1.531"/>
  <testcase classname="saucedemo.testclasses.LoginPageTest" name="lockedUser" time="1.050"/>
  <testcase classname="saucedemo.testclasses.LoginPageTest" name="validLogin" time="0.984"/>
</testsuite> <!-- saucedemo.testclasses.LoginPageTest -->
