<?xml version="1.0" encoding="UTF-8"?>
<!-- Generated by org.testng.reporters.JUnitReportReporter -->
<testsuite hostname="DESKTOP-CJSKQI6" failures="0" tests="6" name="saucedemo.testclasses.ProductPageTest" time="32.268" errors="0" timestamp="2025-09-09T15:49:38 IST" skipped="0">
  <testcase classname="saucedemo.testclasses.ProductPageTest" name="productDisplayed" time="0.279"/>
  <testcase classname="saucedemo.testclasses.ProductPageTest" name="filterTest" time="4.601"/>
  <testcase classname="saucedemo.testclasses.ProductPageTest" name="addProductToCart" time="5.789"/>
  <testcase classname="saucedemo.testclasses.ProductPageTest" name="detailsTest" time="0.798"/>
  <testcase classname="saucedemo.testclasses.ProductPageTest" name="removeProductFromCart" time="14.554"/>
  <testcase classname="saucedemo.testclasses.ProductPageTest" name="goToCartTest" time="6.247"/>
</testsuite> <!-- saucedemo.testclasses.ProductPageTest -->
